{"/mnt/B0BA1AC0BA1A8350/HAKAWI/backend/src/app.controller.ts": {"path":"/mnt/B0BA1AC0BA1A8350/HAKAWI/backend/src/app.controller.ts","statementMap":{"0":{"start":{"line":2,"column":0},"end":{"line":2,"column":null}},"1":{"start":{"line":6,"column":7},"end":{"line":13,"column":null}},"2":{"start":{"line":7,"column":51},"end":{"line":7,"column":75}},"3":{"start":{"line":11,"column":4},"end":{"line":11,"column":null}},"4":{"start":{"line":10,"column":2},"end":{"line":10,"column":21}},"5":{"start":{"line":6,"column":13},"end":{"line":6,"column":27}}},"fnMap":{"0":{"name":"constructor","decl":{"start":{"line":7,"column":2},"end":{"line":7,"column":15}},"loc":{"start":{"line":7,"column":75},"end":{"line":7,"column":null}},"line":7},"1":{"name":"getHello","decl":{"start":{"line":10,"column":2},"end":{"line":10,"column":21}},"loc":{"start":{"line":10,"column":21},"end":{"line":12,"column":null}},"line":10}},"branchMap":{},"s":{"0":1,"1":1,"2":1,"3":1,"4":1,"5":1},"f":{"0":1,"1":1},"b":{},"meta":{"lastBranch":0,"lastFunction":2,"lastStatement":6,"seen":{"s:2:0:2:Infinity":0,"s:6:7:13:Infinity":1,"f:7:2:7:15":0,"s:7:51:7:75":2,"f:10:2:10:21":1,"s:11:4:11:Infinity":3,"s:10:2:10:21":4,"s:6:13:6:27":5},"fnNames":{}}}
,"/mnt/B0BA1AC0BA1A8350/HAKAWI/backend/src/app.service.ts": {"path":"/mnt/B0BA1AC0BA1A8350/HAKAWI/backend/src/app.service.ts","statementMap":{"0":{"start":{"line":1,"column":0},"end":{"line":1,"column":null}},"1":{"start":{"line":4,"column":7},"end":{"line":8,"column":null}},"2":{"start":{"line":6,"column":4},"end":{"line":6,"column":null}},"3":{"start":{"line":4,"column":13},"end":{"line":4,"column":24}}},"fnMap":{"0":{"name":"getHello","decl":{"start":{"line":5,"column":2},"end":{"line":5,"column":21}},"loc":{"start":{"line":5,"column":21},"end":{"line":7,"column":null}},"line":5}},"branchMap":{},"s":{"0":1,"1":1,"2":1,"3":1},"f":{"0":1},"b":{},"meta":{"lastBranch":0,"lastFunction":1,"lastStatement":4,"seen":{"s:1:0:1:Infinity":0,"s:4:7:8:Infinity":1,"f:5:2:5:21":0,"s:6:4:6:Infinity":2,"s:4:13:4:24":3},"fnNames":{}}}
,"/mnt/B0BA1AC0BA1A8350/HAKAWI/backend/src/common/constants/roles.ts": {"path":"/mnt/B0BA1AC0BA1A8350/HAKAWI/backend/src/common/constants/roles.ts","statementMap":{"0":{"start":{"line":1,"column":7},"end":{"line":1,"column":null}},"1":{"start":{"line":2,"column":2},"end":{"line":2,"column":null}},"2":{"start":{"line":3,"column":2},"end":{"line":3,"column":null}},"3":{"start":{"line":4,"column":2},"end":{"line":4,"column":null}},"4":{"start":{"line":5,"column":2},"end":{"line":5,"column":null}},"5":{"start":{"line":1,"column":12},"end":{"line":1,"column":null}},"6":{"start":{"line":8,"column":7},"end":{"line":8,"column":null}},"7":{"start":{"line":9,"column":2},"end":{"line":9,"column":null}},"8":{"start":{"line":10,"column":2},"end":{"line":10,"column":null}},"9":{"start":{"line":11,"column":2},"end":{"line":11,"column":null}},"10":{"start":{"line":8,"column":12},"end":{"line":8,"column":null}}},"fnMap":{"0":{"name":"(anonymous_0)","decl":{"start":{"line":1,"column":7},"end":{"line":1,"column":12}},"loc":{"start":{"line":1,"column":7},"end":{"line":1,"column":null}},"line":1},"1":{"name":"(anonymous_1)","decl":{"start":{"line":8,"column":7},"end":{"line":8,"column":12}},"loc":{"start":{"line":8,"column":7},"end":{"line":8,"column":null}},"line":8}},"branchMap":{"0":{"loc":{"start":{"line":1,"column":12},"end":{"line":1,"column":null}},"type":"binary-expr","locations":[{"start":{"line":1,"column":12},"end":{"line":1,"column":null}},{"start":{"line":1,"column":12},"end":{"line":1,"column":null}}],"line":1},"1":{"loc":{"start":{"line":8,"column":12},"end":{"line":8,"column":null}},"type":"binary-expr","locations":[{"start":{"line":8,"column":12},"end":{"line":8,"column":null}},{"start":{"line":8,"column":12},"end":{"line":8,"column":null}}],"line":8}},"s":{"0":2,"1":2,"2":2,"3":2,"4":2,"5":2,"6":2,"7":2,"8":2,"9":2,"10":2},"f":{"0":2,"1":2},"b":{"0":[2,2],"1":[2,2]},"meta":{"lastBranch":2,"lastFunction":2,"lastStatement":11,"seen":{"s:1:7:1:Infinity":0,"f:1:7:1:12":0,"s:2:2:2:Infinity":1,"s:3:2:3:Infinity":2,"s:4:2:4:Infinity":3,"s:5:2:5:Infinity":4,"s:1:12:1:Infinity":5,"b:1:12:1:Infinity:1:12:1:Infinity":0,"s:8:7:8:Infinity":6,"f:8:7:8:12":1,"s:9:2:9:Infinity":7,"s:10:2:10:Infinity":8,"s:11:2:11:Infinity":9,"s:8:12:8:Infinity":10,"b:8:12:8:Infinity:8:12:8:Infinity":1},"fnNames":{}}}
,"/mnt/B0BA1AC0BA1A8350/HAKAWI/backend/src/common/utils/symbol.util.ts": {"path":"/mnt/B0BA1AC0BA1A8350/HAKAWI/backend/src/common/utils/symbol.util.ts","statementMap":{"0":{"start":{"line":2,"column":2},"end":{"line":2,"column":null}}},"fnMap":{"0":{"name":"symbol","decl":{"start":{"line":1,"column":16},"end":{"line":1,"column":23}},"loc":{"start":{"line":1,"column":45},"end":{"line":3,"column":null}},"line":1}},"branchMap":{},"s":{"0":1},"f":{"0":1},"b":{},"meta":{"lastBranch":0,"lastFunction":1,"lastStatement":1,"seen":{"f:1:16:1:23":0,"s:2:2:2:Infinity":0},"fnNames":{}}}
,"/mnt/B0BA1AC0BA1A8350/HAKAWI/backend/src/modules/auth/auth.service.ts": {"path":"/mnt/B0BA1AC0BA1A8350/HAKAWI/backend/src/modules/auth/auth.service.ts","statementMap":{"0":{"start":{"line":6,"column":0},"end":{"line":6,"column":null}},"1":{"start":{"line":11,"column":7},"end":{"line":254,"column":null}},"2":{"start":{"line":12,"column":52},"end":{"line":12,"column":null}},"3":{"start":{"line":15,"column":21},"end":{"line":15,"column":null}},"4":{"start":{"line":16,"column":21},"end":{"line":16,"column":null}},"5":{"start":{"line":17,"column":21},"end":{"line":17,"column":null}},"6":{"start":{"line":18,"column":21},"end":{"line":18,"column":null}},"7":{"start":{"line":19,"column":21},"end":{"line":19,"column":null}},"8":{"start":{"line":23,"column":4},"end":{"line":23,"column":null}},"9":{"start":{"line":25,"column":26},"end":{"line":25,"column":null}},"10":{"start":{"line":25,"column":102},"end":{"line":25,"column":106}},"11":{"start":{"line":26,"column":4},"end":{"line":29,"column":null}},"12":{"start":{"line":27,"column":6},"end":{"line":27,"column":null}},"13":{"start":{"line":28,"column":6},"end":{"line":28,"column":null}},"14":{"start":{"line":31,"column":29},"end":{"line":31,"column":null}},"15":{"start":{"line":31,"column":111},"end":{"line":31,"column":115}},"16":{"start":{"line":32,"column":4},"end":{"line":35,"column":null}},"17":{"start":{"line":33,"column":6},"end":{"line":33,"column":null}},"18":{"start":{"line":34,"column":6},"end":{"line":34,"column":null}},"19":{"start":{"line":37,"column":25},"end":{"line":37,"column":null}},"20":{"start":{"line":39,"column":17},"end":{"line":45,"column":null}},"21":{"start":{"line":47,"column":19},"end":{"line":47,"column":null}},"22":{"start":{"line":49,"column":4},"end":{"line":49,"column":null}},"23":{"start":{"line":51,"column":4},"end":{"line":51,"column":null}},"24":{"start":{"line":53,"column":4},"end":{"line":62,"column":null}},"25":{"start":{"line":66,"column":4},"end":{"line":66,"column":null}},"26":{"start":{"line":68,"column":17},"end":{"line":68,"column":null}},"27":{"start":{"line":68,"column":93},"end":{"line":68,"column":97}},"28":{"start":{"line":70,"column":4},"end":{"line":73,"column":null}},"29":{"start":{"line":71,"column":6},"end":{"line":71,"column":null}},"30":{"start":{"line":72,"column":6},"end":{"line":72,"column":null}},"31":{"start":{"line":75,"column":28},"end":{"line":75,"column":null}},"32":{"start":{"line":76,"column":4},"end":{"line":79,"column":null}},"33":{"start":{"line":77,"column":6},"end":{"line":77,"column":null}},"34":{"start":{"line":78,"column":6},"end":{"line":78,"column":null}},"35":{"start":{"line":81,"column":4},"end":{"line":84,"column":null}},"36":{"start":{"line":82,"column":6},"end":{"line":82,"column":null}},"37":{"start":{"line":83,"column":6},"end":{"line":83,"column":null}},"38":{"start":{"line":86,"column":19},"end":{"line":86,"column":null}},"39":{"start":{"line":88,"column":4},"end":{"line":88,"column":null}},"40":{"start":{"line":90,"column":4},"end":{"line":90,"column":null}},"41":{"start":{"line":92,"column":4},"end":{"line":101,"column":null}},"42":{"start":{"line":105,"column":4},"end":{"line":134,"column":null}},"43":{"start":{"line":106,"column":22},"end":{"line":106,"column":null}},"44":{"start":{"line":107,"column":30},"end":{"line":107,"column":null}},"45":{"start":{"line":107,"column":56},"end":{"line":107,"column":60}},"46":{"start":{"line":108,"column":6},"end":{"line":110,"column":null}},"47":{"start":{"line":109,"column":8},"end":{"line":109,"column":null}},"48":{"start":{"line":112,"column":26},"end":{"line":112,"column":null}},"49":{"start":{"line":113,"column":6},"end":{"line":115,"column":null}},"50":{"start":{"line":114,"column":8},"end":{"line":114,"column":null}},"51":{"start":{"line":117,"column":19},"end":{"line":117,"column":null}},"52":{"start":{"line":119,"column":21},"end":{"line":119,"column":null}},"53":{"start":{"line":121,"column":6},"end":{"line":130,"column":null}},"54":{"start":{"line":132,"column":6},"end":{"line":132,"column":null}},"55":{"start":{"line":133,"column":6},"end":{"line":133,"column":null}},"56":{"start":{"line":138,"column":17},"end":{"line":138,"column":null}},"57":{"start":{"line":140,"column":24},"end":{"line":144,"column":null}},"58":{"start":{"line":146,"column":25},"end":{"line":150,"column":null}},"59":{"start":{"line":152,"column":22},"end":{"line":152,"column":null}},"60":{"start":{"line":154,"column":4},"end":{"line":163,"column":null}},"61":{"start":{"line":168,"column":4},"end":{"line":172,"column":null}},"62":{"start":{"line":169,"column":6},"end":{"line":169,"column":null}},"63":{"start":{"line":171,"column":6},"end":{"line":171,"column":null}},"64":{"start":{"line":174,"column":4},"end":{"line":176,"column":null}},"65":{"start":{"line":175,"column":6},"end":{"line":175,"column":null}},"66":{"start":{"line":178,"column":18},"end":{"line":178,"column":null}},"67":{"start":{"line":179,"column":4},"end":{"line":179,"column":null}},"68":{"start":{"line":181,"column":4},"end":{"line":181,"column":null}},"69":{"start":{"line":183,"column":4},"end":{"line":185,"column":null}},"70":{"start":{"line":191,"column":4},"end":{"line":212,"column":null}},"71":{"start":{"line":193,"column":8},"end":{"line":193,"column":null}},"72":{"start":{"line":193,"column":84},"end":{"line":193,"column":88}},"73":{"start":{"line":194,"column":8},"end":{"line":194,"column":null}},"74":{"start":{"line":196,"column":8},"end":{"line":196,"column":null}},"75":{"start":{"line":196,"column":86},"end":{"line":196,"column":90}},"76":{"start":{"line":197,"column":8},"end":{"line":197,"column":null}},"77":{"start":{"line":199,"column":8},"end":{"line":199,"column":null}},"78":{"start":{"line":199,"column":85},"end":{"line":199,"column":89}},"79":{"start":{"line":200,"column":8},"end":{"line":200,"column":null}},"80":{"start":{"line":202,"column":8},"end":{"line":202,"column":null}},"81":{"start":{"line":202,"column":84},"end":{"line":202,"column":88}},"82":{"start":{"line":203,"column":8},"end":{"line":203,"column":null}},"83":{"start":{"line":205,"column":8},"end":{"line":205,"column":null}},"84":{"start":{"line":205,"column":83},"end":{"line":205,"column":87}},"85":{"start":{"line":206,"column":8},"end":{"line":206,"column":null}},"86":{"start":{"line":208,"column":8},"end":{"line":208,"column":null}},"87":{"start":{"line":208,"column":84},"end":{"line":208,"column":88}},"88":{"start":{"line":209,"column":8},"end":{"line":209,"column":null}},"89":{"start":{"line":211,"column":8},"end":{"line":211,"column":null}},"90":{"start":{"line":214,"column":4},"end":{"line":224,"column":null}},"91":{"start":{"line":215,"column":23},"end":{"line":215,"column":null}},"92":{"start":{"line":216,"column":30},"end":{"line":216,"column":null}},"93":{"start":{"line":217,"column":6},"end":{"line":223,"column":null}},"94":{"start":{"line":226,"column":19},"end":{"line":226,"column":null}},"95":{"start":{"line":228,"column":4},"end":{"line":228,"column":null}},"96":{"start":{"line":230,"column":4},"end":{"line":239,"column":null}},"97":{"start":{"line":243,"column":20},"end":{"line":248,"column":null}},"98":{"start":{"line":250,"column":24},"end":{"line":250,"column":null}},"99":{"start":{"line":251,"column":25},"end":{"line":251,"column":null}},"100":{"start":{"line":252,"column":4},"end":{"line":252,"column":null}},"101":{"start":{"line":11,"column":13},"end":{"line":11,"column":25}}},"fnMap":{"0":{"name":"constructor","decl":{"start":{"line":14,"column":2},"end":{"line":14,"column":null}},"loc":{"start":{"line":20,"column":4},"end":{"line":20,"column":null}},"line":20},"1":{"name":"register","decl":{"start":{"line":22,"column":8},"end":{"line":22,"column":17}},"loc":{"start":{"line":22,"column":61},"end":{"line":63,"column":null}},"line":22},"2":{"name":"(anonymous_2)","decl":{"start":{"line":25,"column":96},"end":{"line":25,"column":102}},"loc":{"start":{"line":25,"column":102},"end":{"line":25,"column":106}},"line":25},"3":{"name":"(anonymous_3)","decl":{"start":{"line":31,"column":105},"end":{"line":31,"column":111}},"loc":{"start":{"line":31,"column":111},"end":{"line":31,"column":115}},"line":31},"4":{"name":"login","decl":{"start":{"line":65,"column":8},"end":{"line":65,"column":14}},"loc":{"start":{"line":65,"column":55},"end":{"line":102,"column":null}},"line":65},"5":{"name":"(anonymous_5)","decl":{"start":{"line":68,"column":87},"end":{"line":68,"column":93}},"loc":{"start":{"line":68,"column":93},"end":{"line":68,"column":97}},"line":68},"6":{"name":"refreshTokens","decl":{"start":{"line":104,"column":8},"end":{"line":104,"column":22}},"loc":{"start":{"line":104,"column":70},"end":{"line":135,"column":null}},"line":104},"7":{"name":"(anonymous_7)","decl":{"start":{"line":107,"column":50},"end":{"line":107,"column":56}},"loc":{"start":{"line":107,"column":56},"end":{"line":107,"column":60}},"line":107},"8":{"name":"session","decl":{"start":{"line":137,"column":8},"end":{"line":137,"column":16}},"loc":{"start":{"line":137,"column":61},"end":{"line":164,"column":null}},"line":137},"9":{"name":"logout","decl":{"start":{"line":166,"column":8},"end":{"line":166,"column":15}},"loc":{"start":{"line":166,"column":65},"end":{"line":186,"column":null}},"line":166},"10":{"name":"oauthLogin","decl":{"start":{"line":188,"column":8},"end":{"line":188,"column":19}},"loc":{"start":{"line":188,"column":96},"end":{"line":240,"column":null}},"line":188},"11":{"name":"(anonymous_11)","decl":{"start":{"line":193,"column":78},"end":{"line":193,"column":84}},"loc":{"start":{"line":193,"column":84},"end":{"line":193,"column":88}},"line":193},"12":{"name":"(anonymous_12)","decl":{"start":{"line":196,"column":80},"end":{"line":196,"column":86}},"loc":{"start":{"line":196,"column":86},"end":{"line":196,"column":90}},"line":196},"13":{"name":"(anonymous_13)","decl":{"start":{"line":199,"column":79},"end":{"line":199,"column":85}},"loc":{"start":{"line":199,"column":85},"end":{"line":199,"column":89}},"line":199},"14":{"name":"(anonymous_14)","decl":{"start":{"line":202,"column":78},"end":{"line":202,"column":84}},"loc":{"start":{"line":202,"column":84},"end":{"line":202,"column":88}},"line":202},"15":{"name":"(anonymous_15)","decl":{"start":{"line":205,"column":77},"end":{"line":205,"column":83}},"loc":{"start":{"line":205,"column":83},"end":{"line":205,"column":87}},"line":205},"16":{"name":"(anonymous_16)","decl":{"start":{"line":208,"column":78},"end":{"line":208,"column":84}},"loc":{"start":{"line":208,"column":84},"end":{"line":208,"column":88}},"line":208},"17":{"name":"generateTokens","decl":{"start":{"line":242,"column":16},"end":{"line":242,"column":31}},"loc":{"start":{"line":242,"column":116},"end":{"line":253,"column":null}},"line":242}},"branchMap":{"0":{"loc":{"start":{"line":26,"column":4},"end":{"line":29,"column":null}},"type":"if","locations":[{"start":{"line":26,"column":4},"end":{"line":29,"column":null}},{"start":{},"end":{}}],"line":26},"1":{"loc":{"start":{"line":32,"column":4},"end":{"line":35,"column":null}},"type":"if","locations":[{"start":{"line":32,"column":4},"end":{"line":35,"column":null}},{"start":{},"end":{}}],"line":32},"2":{"loc":{"start":{"line":70,"column":4},"end":{"line":73,"column":null}},"type":"if","locations":[{"start":{"line":70,"column":4},"end":{"line":73,"column":null}},{"start":{},"end":{}}],"line":70},"3":{"loc":{"start":{"line":70,"column":8},"end":{"line":70,"column":37}},"type":"binary-expr","locations":[{"start":{"line":70,"column":8},"end":{"line":70,"column":17}},{"start":{"line":70,"column":17},"end":{"line":70,"column":37}}],"line":70},"4":{"loc":{"start":{"line":76,"column":4},"end":{"line":79,"column":null}},"type":"if","locations":[{"start":{"line":76,"column":4},"end":{"line":79,"column":null}},{"start":{},"end":{}}],"line":76},"5":{"loc":{"start":{"line":81,"column":4},"end":{"line":84,"column":null}},"type":"if","locations":[{"start":{"line":81,"column":4},"end":{"line":84,"column":null}},{"start":{},"end":{}}],"line":81},"6":{"loc":{"start":{"line":108,"column":6},"end":{"line":110,"column":null}},"type":"if","locations":[{"start":{"line":108,"column":6},"end":{"line":110,"column":null}},{"start":{},"end":{}}],"line":108},"7":{"loc":{"start":{"line":113,"column":6},"end":{"line":115,"column":null}},"type":"if","locations":[{"start":{"line":113,"column":6},"end":{"line":115,"column":null}},{"start":{},"end":{}}],"line":113},"8":{"loc":{"start":{"line":174,"column":4},"end":{"line":176,"column":null}},"type":"if","locations":[{"start":{"line":174,"column":4},"end":{"line":176,"column":null}},{"start":{},"end":{}}],"line":174},"9":{"loc":{"start":{"line":191,"column":4},"end":{"line":212,"column":null}},"type":"switch","locations":[{"start":{"line":192,"column":6},"end":{"line":194,"column":null}},{"start":{"line":195,"column":6},"end":{"line":197,"column":null}},{"start":{"line":198,"column":6},"end":{"line":200,"column":null}},{"start":{"line":201,"column":6},"end":{"line":203,"column":null}},{"start":{"line":204,"column":6},"end":{"line":206,"column":null}},{"start":{"line":207,"column":6},"end":{"line":209,"column":null}},{"start":{"line":210,"column":6},"end":{"line":211,"column":null}}],"line":191},"10":{"loc":{"start":{"line":214,"column":4},"end":{"line":224,"column":null}},"type":"if","locations":[{"start":{"line":214,"column":4},"end":{"line":224,"column":null}},{"start":{},"end":{}}],"line":214},"11":{"loc":{"start":{"line":215,"column":23},"end":{"line":215,"column":null}},"type":"binary-expr","locations":[{"start":{"line":215,"column":23},"end":{"line":215,"column":49}},{"start":{"line":215,"column":49},"end":{"line":215,"column":null}}],"line":215},"12":{"loc":{"start":{"line":216,"column":30},"end":{"line":216,"column":null}},"type":"cond-expr","locations":[{"start":{"line":216,"column":55},"end":{"line":216,"column":69}},{"start":{"line":216,"column":69},"end":{"line":216,"column":null}}],"line":216},"13":{"loc":{"start":{"line":247,"column":17},"end":{"line":247,"column":null}},"type":"binary-expr","locations":[{"start":{"line":247,"column":17},"end":{"line":247,"column":35}},{"start":{"line":247,"column":35},"end":{"line":247,"column":null}}],"line":247}},"s":{"0":1,"1":1,"2":15,"3":15,"4":15,"5":15,"6":15,"7":15,"8":3,"9":3,"10":0,"11":3,"12":1,"13":1,"14":2,"15":0,"16":2,"17":1,"18":1,"19":1,"20":1,"21":1,"22":1,"23":1,"24":1,"25":3,"26":3,"27":0,"28":3,"29":1,"30":1,"31":2,"32":2,"33":0,"34":0,"35":2,"36":1,"37":1,"38":1,"39":1,"40":1,"41":1,"42":2,"43":2,"44":2,"45":0,"46":1,"47":0,"48":1,"49":1,"50":0,"51":1,"52":1,"53":1,"54":1,"55":1,"56":1,"57":1,"58":1,"59":1,"60":1,"61":2,"62":2,"63":1,"64":1,"65":0,"66":1,"67":1,"68":1,"69":1,"70":4,"71":2,"72":0,"73":2,"74":1,"75":0,"76":1,"77":0,"78":0,"79":0,"80":0,"81":0,"82":0,"83":0,"84":0,"85":0,"86":0,"87":0,"88":0,"89":1,"90":3,"91":1,"92":1,"93":1,"94":3,"95":3,"96":3,"97":6,"98":6,"99":6,"100":6,"101":1},"f":{"0":15,"1":3,"2":0,"3":0,"4":3,"5":0,"6":2,"7":0,"8":1,"9":2,"10":4,"11":0,"12":0,"13":0,"14":0,"15":0,"16":0,"17":6},"b":{"0":[1,2],"1":[1,1],"2":[1,2],"3":[3,2],"4":[0,2],"5":[1,1],"6":[0,1],"7":[0,1],"8":[0,1],"9":[2,1,0,0,0,0,1],"10":[1,2],"11":[1,1],"12":[0,1],"13":[6,6]},"meta":{"lastBranch":14,"lastFunction":18,"lastStatement":102,"seen":{"s:6:0:6:Infinity":0,"s:11:7:254:Infinity":1,"s:12:52:12:Infinity":2,"f:14:2:14:Infinity":0,"s:15:21:15:Infinity":3,"s:16:21:16:Infinity":4,"s:17:21:17:Infinity":5,"s:18:21:18:Infinity":6,"s:19:21:19:Infinity":7,"f:22:8:22:17":1,"s:23:4:23:Infinity":8,"s:25:26:25:Infinity":9,"f:25:96:25:102":2,"s:25:102:25:106":10,"b:26:4:29:Infinity:undefined:undefined:undefined:undefined":0,"s:26:4:29:Infinity":11,"s:27:6:27:Infinity":12,"s:28:6:28:Infinity":13,"s:31:29:31:Infinity":14,"f:31:105:31:111":3,"s:31:111:31:115":15,"b:32:4:35:Infinity:undefined:undefined:undefined:undefined":1,"s:32:4:35:Infinity":16,"s:33:6:33:Infinity":17,"s:34:6:34:Infinity":18,"s:37:25:37:Infinity":19,"s:39:17:45:Infinity":20,"s:47:19:47:Infinity":21,"s:49:4:49:Infinity":22,"s:51:4:51:Infinity":23,"s:53:4:62:Infinity":24,"f:65:8:65:14":4,"s:66:4:66:Infinity":25,"s:68:17:68:Infinity":26,"f:68:87:68:93":5,"s:68:93:68:97":27,"b:70:4:73:Infinity:undefined:undefined:undefined:undefined":2,"s:70:4:73:Infinity":28,"b:70:8:70:17:70:17:70:37":3,"s:71:6:71:Infinity":29,"s:72:6:72:Infinity":30,"s:75:28:75:Infinity":31,"b:76:4:79:Infinity:undefined:undefined:undefined:undefined":4,"s:76:4:79:Infinity":32,"s:77:6:77:Infinity":33,"s:78:6:78:Infinity":34,"b:81:4:84:Infinity:undefined:undefined:undefined:undefined":5,"s:81:4:84:Infinity":35,"s:82:6:82:Infinity":36,"s:83:6:83:Infinity":37,"s:86:19:86:Infinity":38,"s:88:4:88:Infinity":39,"s:90:4:90:Infinity":40,"s:92:4:101:Infinity":41,"f:104:8:104:22":6,"s:105:4:134:Infinity":42,"s:106:22:106:Infinity":43,"s:107:30:107:Infinity":44,"f:107:50:107:56":7,"s:107:56:107:60":45,"b:108:6:110:Infinity:undefined:undefined:undefined:undefined":6,"s:108:6:110:Infinity":46,"s:109:8:109:Infinity":47,"s:112:26:112:Infinity":48,"b:113:6:115:Infinity:undefined:undefined:undefined:undefined":7,"s:113:6:115:Infinity":49,"s:114:8:114:Infinity":50,"s:117:19:117:Infinity":51,"s:119:21:119:Infinity":52,"s:121:6:130:Infinity":53,"s:132:6:132:Infinity":54,"s:133:6:133:Infinity":55,"f:137:8:137:16":8,"s:138:17:138:Infinity":56,"s:140:24:144:Infinity":57,"s:146:25:150:Infinity":58,"s:152:22:152:Infinity":59,"s:154:4:163:Infinity":60,"f:166:8:166:15":9,"s:168:4:172:Infinity":61,"s:169:6:169:Infinity":62,"s:171:6:171:Infinity":63,"b:174:4:176:Infinity:undefined:undefined:undefined:undefined":8,"s:174:4:176:Infinity":64,"s:175:6:175:Infinity":65,"s:178:18:178:Infinity":66,"s:179:4:179:Infinity":67,"s:181:4:181:Infinity":68,"s:183:4:185:Infinity":69,"f:188:8:188:19":10,"b:192:6:194:Infinity:195:6:197:Infinity:198:6:200:Infinity:201:6:203:Infinity:204:6:206:Infinity:207:6:209:Infinity:210:6:211:Infinity":9,"s:191:4:212:Infinity":70,"s:193:8:193:Infinity":71,"f:193:78:193:84":11,"s:193:84:193:88":72,"s:194:8:194:Infinity":73,"s:196:8:196:Infinity":74,"f:196:80:196:86":12,"s:196:86:196:90":75,"s:197:8:197:Infinity":76,"s:199:8:199:Infinity":77,"f:199:79:199:85":13,"s:199:85:199:89":78,"s:200:8:200:Infinity":79,"s:202:8:202:Infinity":80,"f:202:78:202:84":14,"s:202:84:202:88":81,"s:203:8:203:Infinity":82,"s:205:8:205:Infinity":83,"f:205:77:205:83":15,"s:205:83:205:87":84,"s:206:8:206:Infinity":85,"s:208:8:208:Infinity":86,"f:208:78:208:84":16,"s:208:84:208:88":87,"s:209:8:209:Infinity":88,"s:211:8:211:Infinity":89,"b:214:4:224:Infinity:undefined:undefined:undefined:undefined":10,"s:214:4:224:Infinity":90,"s:215:23:215:Infinity":91,"b:215:23:215:49:215:49:215:Infinity":11,"s:216:30:216:Infinity":92,"b:216:55:216:69:216:69:216:Infinity":12,"s:217:6:223:Infinity":93,"s:226:19:226:Infinity":94,"s:228:4:228:Infinity":95,"s:230:4:239:Infinity":96,"f:242:16:242:31":17,"s:243:20:248:Infinity":97,"b:247:17:247:35:247:35:247:Infinity":13,"s:250:24:250:Infinity":98,"s:251:25:251:Infinity":99,"s:252:4:252:Infinity":100,"s:11:13:11:25":101},"fnNames":{}}}
,"/mnt/B0BA1AC0BA1A8350/HAKAWI/backend/src/modules/users/users.service.ts": {"path":"/mnt/B0BA1AC0BA1A8350/HAKAWI/backend/src/modules/users/users.service.ts","statementMap":{"0":{"start":{"line":5,"column":0},"end":{"line":5,"column":null}},"1":{"start":{"line":63,"column":7},"end":{"line":215,"column":null}},"2":{"start":{"line":65,"column":47},"end":{"line":65,"column":null}},"3":{"start":{"line":66,"column":21},"end":{"line":66,"column":null}},"4":{"start":{"line":67,"column":21},"end":{"line":67,"column":null}},"5":{"start":{"line":68,"column":21},"end":{"line":68,"column":null}},"6":{"start":{"line":72,"column":19},"end":{"line":72,"column":null}},"7":{"start":{"line":73,"column":4},"end":{"line":75,"column":null}},"8":{"start":{"line":74,"column":6},"end":{"line":74,"column":null}},"9":{"start":{"line":76,"column":17},"end":{"line":76,"column":null}},"10":{"start":{"line":77,"column":4},"end":{"line":79,"column":null}},"11":{"start":{"line":78,"column":6},"end":{"line":78,"column":null}},"12":{"start":{"line":80,"column":4},"end":{"line":80,"column":null}},"13":{"start":{"line":81,"column":4},"end":{"line":81,"column":null}},"14":{"start":{"line":85,"column":17},"end":{"line":85,"column":null}},"15":{"start":{"line":86,"column":4},"end":{"line":88,"column":null}},"16":{"start":{"line":87,"column":6},"end":{"line":87,"column":null}},"17":{"start":{"line":89,"column":4},"end":{"line":89,"column":null}},"18":{"start":{"line":93,"column":17},"end":{"line":93,"column":null}},"19":{"start":{"line":94,"column":4},"end":{"line":96,"column":null}},"20":{"start":{"line":95,"column":6},"end":{"line":95,"column":null}},"21":{"start":{"line":97,"column":4},"end":{"line":97,"column":null}},"22":{"start":{"line":101,"column":26},"end":{"line":101,"column":null}},"23":{"start":{"line":101,"column":90},"end":{"line":101,"column":94}},"24":{"start":{"line":102,"column":4},"end":{"line":104,"column":null}},"25":{"start":{"line":103,"column":6},"end":{"line":103,"column":null}},"26":{"start":{"line":106,"column":29},"end":{"line":106,"column":null}},"27":{"start":{"line":106,"column":99},"end":{"line":106,"column":103}},"28":{"start":{"line":107,"column":4},"end":{"line":109,"column":null}},"29":{"start":{"line":108,"column":6},"end":{"line":108,"column":null}},"30":{"start":{"line":111,"column":4},"end":{"line":113,"column":null}},"31":{"start":{"line":112,"column":6},"end":{"line":112,"column":null}},"32":{"start":{"line":115,"column":34},"end":{"line":127,"column":null}},"33":{"start":{"line":129,"column":4},"end":{"line":129,"column":null}},"34":{"start":{"line":133,"column":4},"end":{"line":138,"column":null}},"35":{"start":{"line":134,"column":23},"end":{"line":134,"column":null}},"36":{"start":{"line":134,"column":87},"end":{"line":134,"column":91}},"37":{"start":{"line":135,"column":6},"end":{"line":137,"column":null}},"38":{"start":{"line":136,"column":8},"end":{"line":136,"column":null}},"39":{"start":{"line":140,"column":4},"end":{"line":145,"column":null}},"40":{"start":{"line":141,"column":23},"end":{"line":141,"column":null}},"41":{"start":{"line":141,"column":93},"end":{"line":141,"column":97}},"42":{"start":{"line":142,"column":6},"end":{"line":144,"column":null}},"43":{"start":{"line":143,"column":8},"end":{"line":143,"column":null}},"44":{"start":{"line":147,"column":43},"end":{"line":147,"column":null}},"45":{"start":{"line":149,"column":4},"end":{"line":152,"column":null}},"46":{"start":{"line":150,"column":6},"end":{"line":150,"column":null}},"47":{"start":{"line":151,"column":6},"end":{"line":151,"column":null}},"48":{"start":{"line":154,"column":17},"end":{"line":154,"column":null}},"49":{"start":{"line":155,"column":4},"end":{"line":155,"column":null}},"50":{"start":{"line":156,"column":4},"end":{"line":156,"column":null}},"51":{"start":{"line":160,"column":4},"end":{"line":160,"column":null}},"52":{"start":{"line":164,"column":4},"end":{"line":164,"column":null}},"53":{"start":{"line":165,"column":4},"end":{"line":165,"column":null}},"54":{"start":{"line":169,"column":17},"end":{"line":169,"column":null}},"55":{"start":{"line":170,"column":4},"end":{"line":172,"column":null}},"56":{"start":{"line":171,"column":6},"end":{"line":171,"column":null}},"57":{"start":{"line":173,"column":4},"end":{"line":173,"column":null}},"58":{"start":{"line":177,"column":17},"end":{"line":177,"column":null}},"59":{"start":{"line":178,"column":4},"end":{"line":180,"column":null}},"60":{"start":{"line":179,"column":6},"end":{"line":179,"column":null}},"61":{"start":{"line":181,"column":4},"end":{"line":181,"column":null}},"62":{"start":{"line":185,"column":17},"end":{"line":185,"column":null}},"63":{"start":{"line":186,"column":4},"end":{"line":188,"column":null}},"64":{"start":{"line":187,"column":6},"end":{"line":187,"column":null}},"65":{"start":{"line":189,"column":4},"end":{"line":189,"column":null}},"66":{"start":{"line":193,"column":17},"end":{"line":193,"column":null}},"67":{"start":{"line":194,"column":4},"end":{"line":196,"column":null}},"68":{"start":{"line":195,"column":6},"end":{"line":195,"column":null}},"69":{"start":{"line":197,"column":4},"end":{"line":197,"column":null}},"70":{"start":{"line":201,"column":17},"end":{"line":201,"column":null}},"71":{"start":{"line":202,"column":4},"end":{"line":204,"column":null}},"72":{"start":{"line":203,"column":6},"end":{"line":203,"column":null}},"73":{"start":{"line":205,"column":4},"end":{"line":205,"column":null}},"74":{"start":{"line":209,"column":17},"end":{"line":209,"column":null}},"75":{"start":{"line":210,"column":4},"end":{"line":212,"column":null}},"76":{"start":{"line":211,"column":6},"end":{"line":211,"column":null}},"77":{"start":{"line":213,"column":4},"end":{"line":213,"column":null}},"78":{"start":{"line":63,"column":13},"end":{"line":63,"column":26}}},"fnMap":{"0":{"name":"constructor","decl":{"start":{"line":64,"column":2},"end":{"line":64,"column":null}},"loc":{"start":{"line":69,"column":4},"end":{"line":69,"column":null}},"line":69},"1":{"name":"findById","decl":{"start":{"line":71,"column":8},"end":{"line":71,"column":17}},"loc":{"start":{"line":71,"column":44},"end":{"line":82,"column":null}},"line":71},"2":{"name":"findByEmail","decl":{"start":{"line":84,"column":8},"end":{"line":84,"column":20}},"loc":{"start":{"line":84,"column":50},"end":{"line":90,"column":null}},"line":84},"3":{"name":"findByUsername","decl":{"start":{"line":92,"column":8},"end":{"line":92,"column":23}},"loc":{"start":{"line":92,"column":56},"end":{"line":98,"column":null}},"line":92},"4":{"name":"create","decl":{"start":{"line":100,"column":8},"end":{"line":100,"column":15}},"loc":{"start":{"line":100,"column":62},"end":{"line":130,"column":null}},"line":100},"5":{"name":"(anonymous_5)","decl":{"start":{"line":101,"column":84},"end":{"line":101,"column":90}},"loc":{"start":{"line":101,"column":90},"end":{"line":101,"column":94}},"line":101},"6":{"name":"(anonymous_6)","decl":{"start":{"line":106,"column":93},"end":{"line":106,"column":99}},"loc":{"start":{"line":106,"column":99},"end":{"line":106,"column":103}},"line":106},"7":{"name":"update","decl":{"start":{"line":132,"column":8},"end":{"line":132,"column":15}},"loc":{"start":{"line":132,"column":74},"end":{"line":157,"column":null}},"line":132},"8":{"name":"(anonymous_8)","decl":{"start":{"line":134,"column":81},"end":{"line":134,"column":87}},"loc":{"start":{"line":134,"column":87},"end":{"line":134,"column":91}},"line":134},"9":{"name":"(anonymous_9)","decl":{"start":{"line":141,"column":87},"end":{"line":141,"column":93}},"loc":{"start":{"line":141,"column":93},"end":{"line":141,"column":97}},"line":141},"10":{"name":"updateLastLogin","decl":{"start":{"line":159,"column":8},"end":{"line":159,"column":24}},"loc":{"start":{"line":159,"column":51},"end":{"line":161,"column":null}},"line":159},"11":{"name":"softDelete","decl":{"start":{"line":163,"column":8},"end":{"line":163,"column":19}},"loc":{"start":{"line":163,"column":46},"end":{"line":166,"column":null}},"line":163},"12":{"name":"findByGoogleId","decl":{"start":{"line":168,"column":8},"end":{"line":168,"column":23}},"loc":{"start":{"line":168,"column":56},"end":{"line":174,"column":null}},"line":168},"13":{"name":"findByFacebookId","decl":{"start":{"line":176,"column":8},"end":{"line":176,"column":25}},"loc":{"start":{"line":176,"column":60},"end":{"line":182,"column":null}},"line":176},"14":{"name":"findByTwitterId","decl":{"start":{"line":184,"column":8},"end":{"line":184,"column":24}},"loc":{"start":{"line":184,"column":58},"end":{"line":190,"column":null}},"line":184},"15":{"name":"findByGithubId","decl":{"start":{"line":192,"column":8},"end":{"line":192,"column":23}},"loc":{"start":{"line":192,"column":56},"end":{"line":198,"column":null}},"line":192},"16":{"name":"findByAppleId","decl":{"start":{"line":200,"column":8},"end":{"line":200,"column":22}},"loc":{"start":{"line":200,"column":54},"end":{"line":206,"column":null}},"line":200},"17":{"name":"findByTiktokId","decl":{"start":{"line":208,"column":8},"end":{"line":208,"column":23}},"loc":{"start":{"line":208,"column":56},"end":{"line":214,"column":null}},"line":208}},"branchMap":{"0":{"loc":{"start":{"line":73,"column":4},"end":{"line":75,"column":null}},"type":"if","locations":[{"start":{"line":73,"column":4},"end":{"line":75,"column":null}},{"start":{},"end":{}}],"line":73},"1":{"loc":{"start":{"line":77,"column":4},"end":{"line":79,"column":null}},"type":"if","locations":[{"start":{"line":77,"column":4},"end":{"line":79,"column":null}},{"start":{},"end":{}}],"line":77},"2":{"loc":{"start":{"line":77,"column":8},"end":{"line":77,"column":33}},"type":"binary-expr","locations":[{"start":{"line":77,"column":8},"end":{"line":77,"column":17}},{"start":{"line":77,"column":17},"end":{"line":77,"column":33}}],"line":77},"3":{"loc":{"start":{"line":86,"column":4},"end":{"line":88,"column":null}},"type":"if","locations":[{"start":{"line":86,"column":4},"end":{"line":88,"column":null}},{"start":{},"end":{}}],"line":86},"4":{"loc":{"start":{"line":86,"column":8},"end":{"line":86,"column":33}},"type":"binary-expr","locations":[{"start":{"line":86,"column":8},"end":{"line":86,"column":17}},{"start":{"line":86,"column":17},"end":{"line":86,"column":33}}],"line":86},"5":{"loc":{"start":{"line":94,"column":4},"end":{"line":96,"column":null}},"type":"if","locations":[{"start":{"line":94,"column":4},"end":{"line":96,"column":null}},{"start":{},"end":{}}],"line":94},"6":{"loc":{"start":{"line":94,"column":8},"end":{"line":94,"column":33}},"type":"binary-expr","locations":[{"start":{"line":94,"column":8},"end":{"line":94,"column":17}},{"start":{"line":94,"column":17},"end":{"line":94,"column":33}}],"line":94},"7":{"loc":{"start":{"line":102,"column":4},"end":{"line":104,"column":null}},"type":"if","locations":[{"start":{"line":102,"column":4},"end":{"line":104,"column":null}},{"start":{},"end":{}}],"line":102},"8":{"loc":{"start":{"line":102,"column":8},"end":{"line":102,"column":51}},"type":"binary-expr","locations":[{"start":{"line":102,"column":8},"end":{"line":102,"column":25}},{"start":{"line":102,"column":25},"end":{"line":102,"column":51}}],"line":102},"9":{"loc":{"start":{"line":107,"column":4},"end":{"line":109,"column":null}},"type":"if","locations":[{"start":{"line":107,"column":4},"end":{"line":109,"column":null}},{"start":{},"end":{}}],"line":107},"10":{"loc":{"start":{"line":107,"column":8},"end":{"line":107,"column":57}},"type":"binary-expr","locations":[{"start":{"line":107,"column":8},"end":{"line":107,"column":28}},{"start":{"line":107,"column":28},"end":{"line":107,"column":57}}],"line":107},"11":{"loc":{"start":{"line":111,"column":4},"end":{"line":113,"column":null}},"type":"if","locations":[{"start":{"line":111,"column":4},"end":{"line":113,"column":null}},{"start":{},"end":{}}],"line":111},"12":{"loc":{"start":{"line":119,"column":20},"end":{"line":119,"column":null}},"type":"binary-expr","locations":[{"start":{"line":119,"column":20},"end":{"line":119,"column":42}},{"start":{"line":119,"column":42},"end":{"line":119,"column":null}}],"line":119},"13":{"loc":{"start":{"line":120,"column":19},"end":{"line":120,"column":null}},"type":"binary-expr","locations":[{"start":{"line":120,"column":19},"end":{"line":120,"column":40}},{"start":{"line":120,"column":40},"end":{"line":120,"column":null}}],"line":120},"14":{"loc":{"start":{"line":121,"column":16},"end":{"line":121,"column":null}},"type":"binary-expr","locations":[{"start":{"line":121,"column":16},"end":{"line":121,"column":34}},{"start":{"line":121,"column":34},"end":{"line":121,"column":null}}],"line":121},"15":{"loc":{"start":{"line":122,"column":18},"end":{"line":122,"column":null}},"type":"binary-expr","locations":[{"start":{"line":122,"column":18},"end":{"line":122,"column":38}},{"start":{"line":122,"column":38},"end":{"line":122,"column":null}}],"line":122},"16":{"loc":{"start":{"line":123,"column":17},"end":{"line":123,"column":null}},"type":"binary-expr","locations":[{"start":{"line":123,"column":17},"end":{"line":123,"column":36}},{"start":{"line":123,"column":36},"end":{"line":123,"column":null}}],"line":123},"17":{"loc":{"start":{"line":124,"column":16},"end":{"line":124,"column":null}},"type":"binary-expr","locations":[{"start":{"line":124,"column":16},"end":{"line":124,"column":34}},{"start":{"line":124,"column":34},"end":{"line":124,"column":null}}],"line":124},"18":{"loc":{"start":{"line":125,"column":15},"end":{"line":125,"column":null}},"type":"binary-expr","locations":[{"start":{"line":125,"column":15},"end":{"line":125,"column":32}},{"start":{"line":125,"column":32},"end":{"line":125,"column":null}}],"line":125},"19":{"loc":{"start":{"line":126,"column":16},"end":{"line":126,"column":null}},"type":"binary-expr","locations":[{"start":{"line":126,"column":16},"end":{"line":126,"column":34}},{"start":{"line":126,"column":34},"end":{"line":126,"column":null}}],"line":126},"20":{"loc":{"start":{"line":133,"column":4},"end":{"line":138,"column":null}},"type":"if","locations":[{"start":{"line":133,"column":4},"end":{"line":138,"column":null}},{"start":{},"end":{}}],"line":133},"21":{"loc":{"start":{"line":135,"column":6},"end":{"line":137,"column":null}},"type":"if","locations":[{"start":{"line":135,"column":6},"end":{"line":137,"column":null}},{"start":{},"end":{}}],"line":135},"22":{"loc":{"start":{"line":135,"column":10},"end":{"line":135,"column":65}},"type":"binary-expr","locations":[{"start":{"line":135,"column":10},"end":{"line":135,"column":22}},{"start":{"line":135,"column":22},"end":{"line":135,"column":44}},{"start":{"line":135,"column":44},"end":{"line":135,"column":65}}],"line":135},"23":{"loc":{"start":{"line":140,"column":4},"end":{"line":145,"column":null}},"type":"if","locations":[{"start":{"line":140,"column":4},"end":{"line":145,"column":null}},{"start":{},"end":{}}],"line":140},"24":{"loc":{"start":{"line":142,"column":6},"end":{"line":144,"column":null}},"type":"if","locations":[{"start":{"line":142,"column":6},"end":{"line":144,"column":null}},{"start":{},"end":{}}],"line":142},"25":{"loc":{"start":{"line":142,"column":10},"end":{"line":142,"column":65}},"type":"binary-expr","locations":[{"start":{"line":142,"column":10},"end":{"line":142,"column":22}},{"start":{"line":142,"column":22},"end":{"line":142,"column":44}},{"start":{"line":142,"column":44},"end":{"line":142,"column":65}}],"line":142},"26":{"loc":{"start":{"line":149,"column":4},"end":{"line":152,"column":null}},"type":"if","locations":[{"start":{"line":149,"column":4},"end":{"line":152,"column":null}},{"start":{},"end":{}}],"line":149},"27":{"loc":{"start":{"line":170,"column":4},"end":{"line":172,"column":null}},"type":"if","locations":[{"start":{"line":170,"column":4},"end":{"line":172,"column":null}},{"start":{},"end":{}}],"line":170},"28":{"loc":{"start":{"line":170,"column":8},"end":{"line":170,"column":33}},"type":"binary-expr","locations":[{"start":{"line":170,"column":8},"end":{"line":170,"column":17}},{"start":{"line":170,"column":17},"end":{"line":170,"column":33}}],"line":170},"29":{"loc":{"start":{"line":178,"column":4},"end":{"line":180,"column":null}},"type":"if","locations":[{"start":{"line":178,"column":4},"end":{"line":180,"column":null}},{"start":{},"end":{}}],"line":178},"30":{"loc":{"start":{"line":178,"column":8},"end":{"line":178,"column":33}},"type":"binary-expr","locations":[{"start":{"line":178,"column":8},"end":{"line":178,"column":17}},{"start":{"line":178,"column":17},"end":{"line":178,"column":33}}],"line":178},"31":{"loc":{"start":{"line":186,"column":4},"end":{"line":188,"column":null}},"type":"if","locations":[{"start":{"line":186,"column":4},"end":{"line":188,"column":null}},{"start":{},"end":{}}],"line":186},"32":{"loc":{"start":{"line":186,"column":8},"end":{"line":186,"column":33}},"type":"binary-expr","locations":[{"start":{"line":186,"column":8},"end":{"line":186,"column":17}},{"start":{"line":186,"column":17},"end":{"line":186,"column":33}}],"line":186},"33":{"loc":{"start":{"line":194,"column":4},"end":{"line":196,"column":null}},"type":"if","locations":[{"start":{"line":194,"column":4},"end":{"line":196,"column":null}},{"start":{},"end":{}}],"line":194},"34":{"loc":{"start":{"line":194,"column":8},"end":{"line":194,"column":33}},"type":"binary-expr","locations":[{"start":{"line":194,"column":8},"end":{"line":194,"column":17}},{"start":{"line":194,"column":17},"end":{"line":194,"column":33}}],"line":194},"35":{"loc":{"start":{"line":202,"column":4},"end":{"line":204,"column":null}},"type":"if","locations":[{"start":{"line":202,"column":4},"end":{"line":204,"column":null}},{"start":{},"end":{}}],"line":202},"36":{"loc":{"start":{"line":202,"column":8},"end":{"line":202,"column":33}},"type":"binary-expr","locations":[{"start":{"line":202,"column":8},"end":{"line":202,"column":17}},{"start":{"line":202,"column":17},"end":{"line":202,"column":33}}],"line":202},"37":{"loc":{"start":{"line":210,"column":4},"end":{"line":212,"column":null}},"type":"if","locations":[{"start":{"line":210,"column":4},"end":{"line":212,"column":null}},{"start":{},"end":{}}],"line":210},"38":{"loc":{"start":{"line":210,"column":8},"end":{"line":210,"column":33}},"type":"binary-expr","locations":[{"start":{"line":210,"column":8},"end":{"line":210,"column":17}},{"start":{"line":210,"column":17},"end":{"line":210,"column":33}}],"line":210}},"s":{"0":1,"1":1,"2":27,"3":27,"4":27,"5":27,"6":4,"7":4,"8":1,"9":3,"10":3,"11":2,"12":1,"13":1,"14":2,"15":2,"16":1,"17":1,"18":2,"19":2,"20":1,"21":1,"22":4,"23":0,"24":4,"25":1,"26":3,"27":0,"28":3,"29":1,"30":2,"31":2,"32":2,"33":4,"34":3,"35":2,"36":0,"37":2,"38":1,"39":2,"40":0,"41":0,"42":0,"43":0,"44":2,"45":2,"46":0,"47":0,"48":2,"49":2,"50":2,"51":1,"52":1,"53":1,"54":2,"55":2,"56":1,"57":1,"58":2,"59":2,"60":1,"61":1,"62":0,"63":0,"64":0,"65":0,"66":2,"67":2,"68":1,"69":1,"70":2,"71":2,"72":1,"73":1,"74":2,"75":2,"76":1,"77":1,"78":1},"f":{"0":27,"1":4,"2":2,"3":2,"4":4,"5":0,"6":0,"7":3,"8":0,"9":0,"10":1,"11":1,"12":2,"13":2,"14":0,"15":2,"16":2,"17":2},"b":{"0":[1,3],"1":[2,1],"2":[3,2],"3":[1,1],"4":[2,1],"5":[1,1],"6":[2,1],"7":[1,3],"8":[4,1],"9":[1,2],"10":[3,1],"11":[2,0],"12":[2,0],"13":[4,1],"14":[4,2],"15":[4,2],"16":[4,2],"17":[4,2],"18":[4,2],"19":[4,2],"20":[2,1],"21":[1,1],"22":[2,2,1],"23":[0,2],"24":[0,0],"25":[0,0,0],"26":[0,2],"27":[1,1],"28":[2,1],"29":[1,1],"30":[2,1],"31":[0,0],"32":[0,0],"33":[1,1],"34":[2,1],"35":[1,1],"36":[2,1],"37":[1,1],"38":[2,1]},"meta":{"lastBranch":39,"lastFunction":18,"lastStatement":79,"seen":{"s:5:0:5:Infinity":0,"s:63:7:215:Infinity":1,"f:64:2:64:Infinity":0,"s:65:47:65:Infinity":2,"s:66:21:66:Infinity":3,"s:67:21:67:Infinity":4,"s:68:21:68:Infinity":5,"f:71:8:71:17":1,"s:72:19:72:Infinity":6,"b:73:4:75:Infinity:undefined:undefined:undefined:undefined":0,"s:73:4:75:Infinity":7,"s:74:6:74:Infinity":8,"s:76:17:76:Infinity":9,"b:77:4:79:Infinity:undefined:undefined:undefined:undefined":1,"s:77:4:79:Infinity":10,"b:77:8:77:17:77:17:77:33":2,"s:78:6:78:Infinity":11,"s:80:4:80:Infinity":12,"s:81:4:81:Infinity":13,"f:84:8:84:20":2,"s:85:17:85:Infinity":14,"b:86:4:88:Infinity:undefined:undefined:undefined:undefined":3,"s:86:4:88:Infinity":15,"b:86:8:86:17:86:17:86:33":4,"s:87:6:87:Infinity":16,"s:89:4:89:Infinity":17,"f:92:8:92:23":3,"s:93:17:93:Infinity":18,"b:94:4:96:Infinity:undefined:undefined:undefined:undefined":5,"s:94:4:96:Infinity":19,"b:94:8:94:17:94:17:94:33":6,"s:95:6:95:Infinity":20,"s:97:4:97:Infinity":21,"f:100:8:100:15":4,"s:101:26:101:Infinity":22,"f:101:84:101:90":5,"s:101:90:101:94":23,"b:102:4:104:Infinity:undefined:undefined:undefined:undefined":7,"s:102:4:104:Infinity":24,"b:102:8:102:25:102:25:102:51":8,"s:103:6:103:Infinity":25,"s:106:29:106:Infinity":26,"f:106:93:106:99":6,"s:106:99:106:103":27,"b:107:4:109:Infinity:undefined:undefined:undefined:undefined":9,"s:107:4:109:Infinity":28,"b:107:8:107:28:107:28:107:57":10,"s:108:6:108:Infinity":29,"b:111:4:113:Infinity:undefined:undefined:undefined:undefined":11,"s:111:4:113:Infinity":30,"s:112:6:112:Infinity":31,"s:115:34:127:Infinity":32,"b:119:20:119:42:119:42:119:Infinity":12,"b:120:19:120:40:120:40:120:Infinity":13,"b:121:16:121:34:121:34:121:Infinity":14,"b:122:18:122:38:122:38:122:Infinity":15,"b:123:17:123:36:123:36:123:Infinity":16,"b:124:16:124:34:124:34:124:Infinity":17,"b:125:15:125:32:125:32:125:Infinity":18,"b:126:16:126:34:126:34:126:Infinity":19,"s:129:4:129:Infinity":33,"f:132:8:132:15":7,"b:133:4:138:Infinity:undefined:undefined:undefined:undefined":20,"s:133:4:138:Infinity":34,"s:134:23:134:Infinity":35,"f:134:81:134:87":8,"s:134:87:134:91":36,"b:135:6:137:Infinity:undefined:undefined:undefined:undefined":21,"s:135:6:137:Infinity":37,"b:135:10:135:22:135:22:135:44:135:44:135:65":22,"s:136:8:136:Infinity":38,"b:140:4:145:Infinity:undefined:undefined:undefined:undefined":23,"s:140:4:145:Infinity":39,"s:141:23:141:Infinity":40,"f:141:87:141:93":9,"s:141:93:141:97":41,"b:142:6:144:Infinity:undefined:undefined:undefined:undefined":24,"s:142:6:144:Infinity":42,"b:142:10:142:22:142:22:142:44:142:44:142:65":25,"s:143:8:143:Infinity":43,"s:147:43:147:Infinity":44,"b:149:4:152:Infinity:undefined:undefined:undefined:undefined":26,"s:149:4:152:Infinity":45,"s:150:6:150:Infinity":46,"s:151:6:151:Infinity":47,"s:154:17:154:Infinity":48,"s:155:4:155:Infinity":49,"s:156:4:156:Infinity":50,"f:159:8:159:24":10,"s:160:4:160:Infinity":51,"f:163:8:163:19":11,"s:164:4:164:Infinity":52,"s:165:4:165:Infinity":53,"f:168:8:168:23":12,"s:169:17:169:Infinity":54,"b:170:4:172:Infinity:undefined:undefined:undefined:undefined":27,"s:170:4:172:Infinity":55,"b:170:8:170:17:170:17:170:33":28,"s:171:6:171:Infinity":56,"s:173:4:173:Infinity":57,"f:176:8:176:25":13,"s:177:17:177:Infinity":58,"b:178:4:180:Infinity:undefined:undefined:undefined:undefined":29,"s:178:4:180:Infinity":59,"b:178:8:178:17:178:17:178:33":30,"s:179:6:179:Infinity":60,"s:181:4:181:Infinity":61,"f:184:8:184:24":14,"s:185:17:185:Infinity":62,"b:186:4:188:Infinity:undefined:undefined:undefined:undefined":31,"s:186:4:188:Infinity":63,"b:186:8:186:17:186:17:186:33":32,"s:187:6:187:Infinity":64,"s:189:4:189:Infinity":65,"f:192:8:192:23":15,"s:193:17:193:Infinity":66,"b:194:4:196:Infinity:undefined:undefined:undefined:undefined":33,"s:194:4:196:Infinity":67,"b:194:8:194:17:194:17:194:33":34,"s:195:6:195:Infinity":68,"s:197:4:197:Infinity":69,"f:200:8:200:22":16,"s:201:17:201:Infinity":70,"b:202:4:204:Infinity:undefined:undefined:undefined:undefined":35,"s:202:4:204:Infinity":71,"b:202:8:202:17:202:17:202:33":36,"s:203:6:203:Infinity":72,"s:205:4:205:Infinity":73,"f:208:8:208:23":17,"s:209:17:209:Infinity":74,"b:210:4:212:Infinity:undefined:undefined:undefined:undefined":37,"s:210:4:212:Infinity":75,"b:210:8:210:17:210:17:210:33":38,"s:211:6:211:Infinity":76,"s:213:4:213:Infinity":77,"s:63:13:63:26":78},"fnNames":{}}}
,"/mnt/B0BA1AC0BA1A8350/HAKAWI/backend/src/modules/users/interfaces/users-repository.interface.ts": {"path":"/mnt/B0BA1AC0BA1A8350/HAKAWI/backend/src/modules/users/interfaces/users-repository.interface.ts","statementMap":{"0":{"start":{"line":5,"column":13},"end":{"line":5,"column":null}}},"fnMap":{},"branchMap":{},"s":{"0":1},"f":{},"b":{},"meta":{"lastBranch":0,"lastFunction":0,"lastStatement":1,"seen":{"s:5:13:5:Infinity":0},"fnNames":{}}}
}
